<?xml version="1.0" encoding="UTF-8"?>
<testsuite name="IntegratedTestCoverage" 
           tests="0" 
           failures="0" 
           errors="0" 
           time="0.000">
    
    <testcase classname="Coverage" 
              name="Unit Tests" 
              time="12.658">
        
    </testcase>
    <testcase classname="Coverage" 
              name="Integration Tests" 
              time="2.114">
        
    </testcase>
    <testcase classname="Coverage" 
              name="E2E Tests" 
              time="1.855">
        <failure message="Command failed: npx playwright test --reporter=html --output-dir=temp-coverage/e2e
error: unknown option '--output-dir=temp-coverage/e2e'
"></failure>
    </testcase>
    <testcase classname="Coverage" 
              name="Performance Tests" 
              time="1.471">
        
    </testcase>
</testsuite>