<?xml version="1.0" encoding="UTF-8"?>
<testsuite name="IntegratedTestCoverage" 
           tests="0" 
           failures="0" 
           errors="0" 
           time="0.000">
    
    <testcase classname="Coverage" 
              name="Unit Tests" 
              time="1.298">
        <failure message="Command failed: npx jest --coverage --coverageDirectory=temp-coverage/unit
node:internal/modules/cjs/loader:500
      throw err;
      ^

Error: Cannot find module '/Users/ryu/dev/ultimate_squash_game/node_modules/jest-cli/build/index.js'. Please verify that the package.json has a valid "main" entry
    at tryPackage (node:internal/modules/cjs/loader:492:19)
    at Function._findPath (node:internal/modules/cjs/loader:790:18)
    at Function._resolveFilename (node:internal/modules/cjs/loader:1230:27)
    at Function._load (node:internal/modules/cjs/loader:1070:27)
    at TracingChannel.traceSync (node:diagnostics_channel:322:14)
    at wrapModuleLoad (node:internal/modules/cjs/loader:217:24)
    at Module.require (node:internal/modules/cjs/loader:1335:12)
    at require (node:internal/modules/helpers:136:16)
    at Object.<anonymous> (/Users/ryu/dev/ultimate_squash_game/node_modules/jest-cli/bin/jest.js:16:3)
    at Module._compile (node:internal/modules/cjs/loader:1562:14) {
  code: 'MODULE_NOT_FOUND',
  path: '/Users/ryu/dev/ultimate_squash_game/node_modules/jest-cli/package.json',
  requestPath: '..'
}

Node.js v22.13.0
"></failure>
    </testcase>
</testsuite>